<html xmlns:string="xalan://java.lang.String" xmlns:lxslt="http://xml.apache.org/xslt">
<head>
<META http-equiv="Content-Type" content="text/html; charset=UTF-8">
<title>Unit Test Results: All Errors</title>
<link rel="stylesheet" type="text/css" title="Style" href="stylesheet.css">
</head>
<body onload="open('allclasses-frame.html','classListFrame')">
<h1>Unit Test Results.</h1>
<table width="100%">
<tr>
<td align="left"></td><td align="right">Designed for use with <a href="http://www.junit.org/">JUnit</a> and <a href="http://ant.apache.org/">Ant</a>.</td>
</tr>
</table>
<hr size="1">
<h2>All Errors</h2>
<table class="details" border="0" cellpadding="5" cellspacing="2" width="95%">
<tr valign="top">
<th>Class</th><th>Name</th><th>Status</th><th width="80%">Type</th><th nowrap>Time(s)</th>
</tr>
<tr valign="top" class="Error">
<td><a href="ecshop/0_ecshopJunit.html">ecshopJunit</a></td><td><a name="delivery"></a><a href="ecshop/0_ecshopJunit.html#delivery">delivery</a></td><td>Error</td><td>unknown error: unhandled inspector error: {"code":-32000,"message":"Cannot find context with specified id"}
  (Session info: chrome=60.0.3112.113)
  (Driver info: chromedriver=2.30.477690 (c53f4ad87510ee97b5c3425a14c0e79780cdf262),platform=Mac OS X 10.12.6 x86_64) (WARNING: The server did not provide any stacktrace information)
Command duration or timeout: 0 milliseconds
Build info: version: 'unknown', revision: 'unknown', time: 'unknown'
System info: host: 'gayatekiMacBook-Air.local', ip: 'fe80:0:0:0:1c58:32e3:2bf8:be41%en0', os.name: 'Mac OS X', os.arch: 'x86_64', os.version: '10.12.6', java.version: '1.8.0_131'
Driver info: org.openqa.selenium.chrome.ChromeDriver
Capabilities [{applicationCacheEnabled=false, rotatable=false, mobileEmulationEnabled=false, networkConnectionEnabled=false, chrome={chromedriverVersion=2.30.477690 (c53f4ad87510ee97b5c3425a14c0e79780cdf262), userDataDir=/var/folders/g7/2dxdpw113910gp0svljgwr6h0000gn/T/.org.chromium.Chromium.UhFOoK}, takesHeapSnapshot=true, pageLoadStrategy=normal, unhandledPromptBehavior=, databaseEnabled=false, handlesAlerts=true, hasTouchScreen=false, version=60.0.3112.113, platform=MAC, browserConnectionEnabled=false, nativeEvents=true, acceptSslCerts=true, locationContextEnabled=true, webStorageEnabled=true, browserName=chrome, takesScreenshot=true, javascriptEnabled=true, cssSelectorsEnabled=true, unexpectedAlertBehaviour=}]
Session ID: 281d6e3fbc060f4965344753106c8e29
*** Element info: {Using=name, value=to_delivery}<br>
<br>
<code>org.openqa.selenium.WebDriverException: unknown error: unhandled inspector error: {"code":-32000,"message":"Cannot find context with specified id"}<br>  (Session info: chrome=60.0.3112.113)<br>  (Driver info: chromedriver=2.30.477690 (c53f4ad87510ee97b5c3425a14c0e79780cdf262),platform=Mac OS X 10.12.6 x86_64) (WARNING: The server did not provide any stacktrace information)<br>Command duration or timeout: 0 milliseconds<br>Build info: version: 'unknown', revision: 'unknown', time: 'unknown'<br>System info: host: 'gayatekiMacBook-Air.local', ip: 'fe80:0:0:0:1c58:32e3:2bf8:be41%en0', os.name: 'Mac OS X', os.arch: 'x86_64', os.version: '10.12.6', java.version: '1.8.0_131'<br>Driver info: org.openqa.selenium.chrome.ChromeDriver<br>Capabilities [{applicationCacheEnabled=false, rotatable=false, mobileEmulationEnabled=false, networkConnectionEnabled=false, chrome={chromedriverVersion=2.30.477690 (c53f4ad87510ee97b5c3425a14c0e79780cdf262), userDataDir=/var/folders/g7/2dxdpw113910gp0svljgwr6h0000gn/T/.org.chromium.Chromium.UhFOoK}, takesHeapSnapshot=true, pageLoadStrategy=normal, unhandledPromptBehavior=, databaseEnabled=false, handlesAlerts=true, hasTouchScreen=false, version=60.0.3112.113, platform=MAC, browserConnectionEnabled=false, nativeEvents=true, acceptSslCerts=true, locationContextEnabled=true, webStorageEnabled=true, browserName=chrome, takesScreenshot=true, javascriptEnabled=true, cssSelectorsEnabled=true, unexpectedAlertBehaviour=}]<br>Session ID: 281d6e3fbc060f4965344753106c8e29<br>*** Element info: {Using=name, value=to_delivery}<br>	at java.lang.reflect.Constructor.newInstance(Constructor.java:423)<br>	at org.openqa.selenium.remote.ErrorHandler.createThrowable(ErrorHandler.java:215)<br>	at org.openqa.selenium.remote.ErrorHandler.throwIfResponseFailed(ErrorHandler.java:167)<br>	at org.openqa.selenium.remote.http.JsonHttpResponseCodec.reconstructValue(JsonHttpResponseCodec.java:40)<br>	at org.openqa.selenium.remote.http.AbstractHttpResponseCodec.decode(AbstractHttpResponseCodec.java:82)<br>	at org.openqa.selenium.remote.http.AbstractHttpResponseCodec.decode(AbstractHttpResponseCodec.java:45)<br>	at org.openqa.selenium.remote.HttpCommandExecutor.execute(HttpCommandExecutor.java:164)<br>	at org.openqa.selenium.remote.service.DriverCommandExecutor.execute(DriverCommandExecutor.java:82)<br>	at org.openqa.selenium.remote.RemoteWebDriver.execute(RemoteWebDriver.java:641)<br>	at org.openqa.selenium.remote.RemoteWebDriver.findElement(RemoteWebDriver.java:414)<br>	at org.openqa.selenium.remote.RemoteWebDriver.findElementByName(RemoteWebDriver.java:489)<br>	at org.openqa.selenium.By$ByName.findElement(By.java:303)<br>	at org.openqa.selenium.remote.RemoteWebDriver.findElement(RemoteWebDriver.java:406)<br>	at ecshop.ecshopJunit.delivery(ecshopJunit.java:64)<br>
</code></td><td>5.643</td>
</tr>
<tr valign="top" class="Error">
<td><a href="ecshop/0_ecshopJunit.html">ecshopJunit</a></td><td><a name="confirmgoods"></a><a href="ecshop/0_ecshopJunit.html#confirmgoods">confirmgoods</a></td><td>Error</td><td>no such element: Unable to locate element: {"method":"link text","selector":"确认收货"}
  (Session info: chrome=60.0.3112.113)
  (Driver info: chromedriver=2.30.477690 (c53f4ad87510ee97b5c3425a14c0e79780cdf262),platform=Mac OS X 10.12.6 x86_64) (WARNING: The server did not provide any stacktrace information)
Command duration or timeout: 0 milliseconds
For documentation on this error, please visit: http://seleniumhq.org/exceptions/no_such_element.html
Build info: version: 'unknown', revision: 'unknown', time: 'unknown'
System info: host: 'gayatekiMacBook-Air.local', ip: 'fe80:0:0:0:1c58:32e3:2bf8:be41%en0', os.name: 'Mac OS X', os.arch: 'x86_64', os.version: '10.12.6', java.version: '1.8.0_131'
Driver info: org.openqa.selenium.chrome.ChromeDriver
Capabilities [{applicationCacheEnabled=false, rotatable=false, mobileEmulationEnabled=false, networkConnectionEnabled=false, chrome={chromedriverVersion=2.30.477690 (c53f4ad87510ee97b5c3425a14c0e79780cdf262), userDataDir=/var/folders/g7/2dxdpw113910gp0svljgwr6h0000gn/T/.org.chromium.Chromium.UhFOoK}, takesHeapSnapshot=true, pageLoadStrategy=normal, unhandledPromptBehavior=, databaseEnabled=false, handlesAlerts=true, hasTouchScreen=false, version=60.0.3112.113, platform=MAC, browserConnectionEnabled=false, nativeEvents=true, acceptSslCerts=true, locationContextEnabled=true, webStorageEnabled=true, browserName=chrome, takesScreenshot=true, javascriptEnabled=true, cssSelectorsEnabled=true, unexpectedAlertBehaviour=}]
Session ID: 281d6e3fbc060f4965344753106c8e29
*** Element info: {Using=link text, value=确认收货}<br>
<br>
<code>org.openqa.selenium.NoSuchElementException: no such element: Unable to locate element: {"method":"link text","selector":"确认收货"}<br>  (Session info: chrome=60.0.3112.113)<br>  (Driver info: chromedriver=2.30.477690 (c53f4ad87510ee97b5c3425a14c0e79780cdf262),platform=Mac OS X 10.12.6 x86_64) (WARNING: The server did not provide any stacktrace information)<br>Command duration or timeout: 0 milliseconds<br>For documentation on this error, please visit: http://seleniumhq.org/exceptions/no_such_element.html<br>Build info: version: 'unknown', revision: 'unknown', time: 'unknown'<br>System info: host: 'gayatekiMacBook-Air.local', ip: 'fe80:0:0:0:1c58:32e3:2bf8:be41%en0', os.name: 'Mac OS X', os.arch: 'x86_64', os.version: '10.12.6', java.version: '1.8.0_131'<br>Driver info: org.openqa.selenium.chrome.ChromeDriver<br>Capabilities [{applicationCacheEnabled=false, rotatable=false, mobileEmulationEnabled=false, networkConnectionEnabled=false, chrome={chromedriverVersion=2.30.477690 (c53f4ad87510ee97b5c3425a14c0e79780cdf262), userDataDir=/var/folders/g7/2dxdpw113910gp0svljgwr6h0000gn/T/.org.chromium.Chromium.UhFOoK}, takesHeapSnapshot=true, pageLoadStrategy=normal, unhandledPromptBehavior=, databaseEnabled=false, handlesAlerts=true, hasTouchScreen=false, version=60.0.3112.113, platform=MAC, browserConnectionEnabled=false, nativeEvents=true, acceptSslCerts=true, locationContextEnabled=true, webStorageEnabled=true, browserName=chrome, takesScreenshot=true, javascriptEnabled=true, cssSelectorsEnabled=true, unexpectedAlertBehaviour=}]<br>Session ID: 281d6e3fbc060f4965344753106c8e29<br>*** Element info: {Using=link text, value=确认收货}<br>	at java.lang.reflect.Constructor.newInstance(Constructor.java:423)<br>	at org.openqa.selenium.remote.ErrorHandler.createThrowable(ErrorHandler.java:215)<br>	at org.openqa.selenium.remote.ErrorHandler.throwIfResponseFailed(ErrorHandler.java:167)<br>	at org.openqa.selenium.remote.http.JsonHttpResponseCodec.reconstructValue(JsonHttpResponseCodec.java:40)<br>	at org.openqa.selenium.remote.http.AbstractHttpResponseCodec.decode(AbstractHttpResponseCodec.java:82)<br>	at org.openqa.selenium.remote.http.AbstractHttpResponseCodec.decode(AbstractHttpResponseCodec.java:45)<br>	at org.openqa.selenium.remote.HttpCommandExecutor.execute(HttpCommandExecutor.java:164)<br>	at org.openqa.selenium.remote.service.DriverCommandExecutor.execute(DriverCommandExecutor.java:82)<br>	at org.openqa.selenium.remote.RemoteWebDriver.execute(RemoteWebDriver.java:641)<br>	at org.openqa.selenium.remote.RemoteWebDriver.findElement(RemoteWebDriver.java:414)<br>	at org.openqa.selenium.remote.RemoteWebDriver.findElementByLinkText(RemoteWebDriver.java:465)<br>	at org.openqa.selenium.By$ByLinkText.findElement(By.java:246)<br>	at org.openqa.selenium.remote.RemoteWebDriver.findElement(RemoteWebDriver.java:406)<br>	at ecshop.ecshopJunit.confirmgoods(ecshopJunit.java:76)<br>
</code></td><td>21.194</td>
</tr>
</table>
</body>
</html>
