<html xmlns:string="xalan://java.lang.String" xmlns:lxslt="http://xml.apache.org/xslt">
<head>
<META http-equiv="Content-Type" content="text/html; charset=UTF-8">
<title>Unit Test Results: ecshop.ecshopJunit</title>
<link rel="stylesheet" type="text/css" title="Style" href="../stylesheet.css">
<script type="text/javascript" language="JavaScript">
        var TestCases = new Array();
        var cur;
        
    cur = TestCases['ecshop.ecshopJunit'] = new Array();
    
        cur['ant.core.lib'] = '/Users/gaya/apache-ant-1.10.1/lib/ant.jar';
    
        cur['ant.file'] = '/Users/gaya/git/selenium/build.xml';
    
        cur['ant.file.selenium'] = '/Users/gaya/git/selenium/build.xml';
    
        cur['ant.file.type'] = 'file';
    
        cur['ant.file.type.selenium'] = 'file';
    
        cur['ant.home'] = '/Users/gaya/apache-ant-1.10.1';
    
        cur['ant.java.version'] = '1.8';
    
        cur['ant.library.dir'] = '/Users/gaya/apache-ant-1.10.1/lib';
    
        cur['ant.project.default-target'] = 'build';
    
        cur['ant.project.invoked-targets'] = 'ecshopJunit';
    
        cur['ant.project.name'] = 'selenium';
    
        cur['ant.version'] = 'Apache Ant(TM) version 1.10.1 compiled on February 2 2017';
    
        cur['awt.toolkit'] = 'sun.lwawt.macosx.LWCToolkit';
    
        cur['basedir'] = '/Users/gaya/git/selenium';
    
        cur['debuglevel'] = 'source,lines,vars';
    
        cur['ECLIPSE_HOME'] = '../../../../Applications/Eclipse.app/Contents/Eclipse/';
    
        cur['env.__CF_USER_TEXT_ENCODING'] = '0x1F5:0x19:0x34';
    
        cur['env.ANDROID_HOME'] = '/Users/gaya/Library/Android/sdkE';
    
        cur['env.ANT_HOME'] = '/Users/gaya/apache-ant-1.10.1';
    
        cur['env.Apple_PubSub_Socket_Render'] = '/private/tmp/com.apple.launchd.xOHw5ksvDp/Render';
    
        cur['env.HOME'] = '/Users/gaya';
    
        cur['env.JAVA_MAIN_CLASS_4784'] = 'org.apache.tools.ant.launch.Launcher';
    
        cur['env.LANG'] = 'zh_CN.UTF-8';
    
        cur['env.LOGNAME'] = 'gaya';
    
        cur['env.M2_HOME'] = '/Users/gaya/Documents/apache-maven-3.5.0';
    
        cur['env.PATH'] = '/usr/bin:/bin:/usr/sbin:/sbin:/usr/local/bin:export path=/System/Library/Frameworks/JavaVM.framework/Versions/Current/Commands:/Library/Frameworks/Mono.framework/Versions/Current/Commands:/Applications/Wireshark.app/Contents/MacOS:/Users/gaya/Library/Android/sdkE/tools:/Users/gaya/Library/Android/sdkE/tools/bin:/Users/gaya/Library/Android/sdkE/platform-tools:/Users/gaya/Library/Android/sdkE/build-tools/26.0.0:/usr/bin:$/Users/gaya/bin/chromedriver:/Applications/Xcode.app/Contents/MacOS/:/Applications/Xcode8.3.app/Contents/MacOS/:/usr/local/mysql/bin:/Users/gaya/Documents/apache-maven-3.5.0/bin:/Users/gaya/apache-ant-1.10.1/bin';
    
        cur['env.PWD'] = '/Users/gaya/git/selenium';
    
        cur['env.SHELL'] = '/bin/bash';
    
        cur['env.SHLVL'] = '1';
    
        cur['env.SSH_AUTH_SOCK'] = '/private/tmp/com.apple.launchd.zhrL1IO7VW/Listeners';
    
        cur['env.TERM'] = 'xterm-256color';
    
        cur['env.TERM_PROGRAM'] = 'Apple_Terminal';
    
        cur['env.TERM_PROGRAM_VERSION'] = '388.1.1';
    
        cur['env.TERM_SESSION_ID'] = 'DE01D889-B20D-4712-80C2-E55136D293FB';
    
        cur['env.TMPDIR'] = '/var/folders/g7/2dxdpw113910gp0svljgwr6h0000gn/T/';
    
        cur['env.USER'] = 'gaya';
    
        cur['env.XPC_FLAGS'] = '0x0';
    
        cur['env.XPC_SERVICE_NAME'] = '0';
    
        cur['file.encoding'] = 'UTF-8';
    
        cur['file.encoding.pkg'] = 'sun.io';
    
        cur['file.separator'] = '/';
    
        cur['ftp.nonProxyHosts'] = 'local„ÄÅ169.254/16|*.local„ÄÅ169.254/16';
    
        cur['gopherProxySet'] = 'false';
    
        cur['http.nonProxyHosts'] = 'local„ÄÅ169.254/16|*.local„ÄÅ169.254/16';
    
        cur['java.awt.graphicsenv'] = 'sun.awt.CGraphicsEnvironment';
    
        cur['java.awt.printerjob'] = 'sun.lwawt.macosx.CPrinterJob';
    
        cur['java.class.path'] = '/Users/gaya/git/selenium/bin:/Applications/Eclipse.app/Contents/Eclipse/plugins/org.testng.eclipse_6.11.0.201703011520/lib/testng.jar:/Applications/Eclipse.app/Contents/Eclipse/plugins/org.testng.eclipse_6.11.0.201703011520/lib/jcommander.jar:/Applications/Eclipse.app/Contents/Eclipse/plugins/org.testng.eclipse_6.11.0.201703011520/lib/bsh-2.0b4.jar:/Applications/Eclipse.app/Contents/Eclipse/plugins/org.testng.eclipse_6.11.0.201703011520/lib/snakeyaml.jar:/Users/gaya/git/selenium/lib/selenium/client-combined-3.5.0-nodeps.jar:/Users/gaya/git/selenium/lib/selenium/lib/cglib-nodep-3.2.4.jar:/Users/gaya/git/selenium/lib/selenium/lib/commons-codec-1.10.jar:/Users/gaya/git/selenium/lib/selenium/lib/commons-exec-1.3.jar:/Users/gaya/git/selenium/lib/selenium/lib/commons-io-2.5.jar:/Users/gaya/git/selenium/lib/selenium/lib/commons-lang3-3.5.jar:/Users/gaya/git/selenium/lib/selenium/lib/commons-logging-1.2.jar:/Users/gaya/git/selenium/lib/selenium/lib/cssparser-0.9.23.jar:/Users/gaya/git/selenium/lib/selenium/lib/gson-2.8.0.jar:/Users/gaya/git/selenium/lib/selenium/lib/guava-22.0.jar:/Users/gaya/git/selenium/lib/selenium/lib/hamcrest-core-1.3.jar:/Users/gaya/git/selenium/lib/selenium/lib/htmlunit-2.27.jar:/Users/gaya/git/selenium/lib/selenium/lib/htmlunit-core-js-2.27.jar:/Users/gaya/git/selenium/lib/selenium/lib/htmlunit-driver-2.27.jar:/Users/gaya/git/selenium/lib/selenium/lib/httpclient-4.5.3.jar:/Users/gaya/git/selenium/lib/selenium/lib/httpcore-4.4.6.jar:/Users/gaya/git/selenium/lib/selenium/lib/httpmime-4.5.3.jar:/Users/gaya/git/selenium/lib/selenium/lib/javax.servlet-api-3.1.0.jar:/Users/gaya/git/selenium/lib/selenium/lib/jetty-client-9.4.5.v20170502.jar:/Users/gaya/git/selenium/lib/selenium/lib/jetty-http-9.4.5.v20170502.jar:/Users/gaya/git/selenium/lib/selenium/lib/jetty-io-9.4.5.v20170502.jar:/Users/gaya/git/selenium/lib/selenium/lib/jetty-util-9.4.5.v20170502.jar:/Users/gaya/git/selenium/lib/selenium/lib/jna-4.1.0.jar:/Users/gaya/git/selenium/lib/selenium/lib/jna-platform-4.1.0.jar:/Users/gaya/git/selenium/lib/selenium/lib/junit-4.12.jar:/Users/gaya/git/selenium/lib/selenium/lib/neko-htmlunit-2.27.jar:/Users/gaya/git/selenium/lib/selenium/lib/phantomjsdriver-1.4.0.jar:/Users/gaya/git/selenium/lib/selenium/lib/sac-1.3.jar:/Users/gaya/git/selenium/lib/selenium/lib/serializer-2.7.2.jar:/Users/gaya/git/selenium/lib/selenium/lib/websocket-api-9.4.5.v20170502.jar:/Users/gaya/git/selenium/lib/selenium/lib/websocket-client-9.4.5.v20170502.jar:/Users/gaya/git/selenium/lib/selenium/lib/websocket-common-9.4.5.v20170502.jar:/Users/gaya/git/selenium/lib/selenium/lib/xalan-2.7.2.jar:/Users/gaya/git/selenium/lib/selenium/lib/xercesImpl-2.11.0.jar:/Users/gaya/git/selenium/lib/selenium/lib/xml-apis-1.4.01.jar:/Users/gaya/git/selenium/lib/selenium/selenium-java-client-driver-1.0.2.jar:/Users/gaya/apache-ant-1.10.1/lib/ant-launcher.jar:/Users/gaya/apache-ant-1.10.1/lib/ant.jar:/Users/gaya/apache-ant-1.10.1/lib/ant-junit.jar:/Users/gaya/apache-ant-1.10.1/lib/ant-junit4.jar';
    
        cur['java.class.version'] = '52.0';
    
        cur['java.endorsed.dirs'] = '/Library/Java/JavaVirtualMachines/jdk1.8.0_131.jdk/Contents/Home/jre/lib/endorsed';
    
        cur['java.ext.dirs'] = '/Users/gaya/Library/Java/Extensions:/Library/Java/JavaVirtualMachines/jdk1.8.0_131.jdk/Contents/Home/jre/lib/ext:/Library/Java/Extensions:/Network/Library/Java/Extensions:/System/Library/Java/Extensions:/usr/lib/java';
    
        cur['java.home'] = '/Library/Java/JavaVirtualMachines/jdk1.8.0_131.jdk/Contents/Home/jre';
    
        cur['java.io.tmpdir'] = '/var/folders/g7/2dxdpw113910gp0svljgwr6h0000gn/T/';
    
        cur['java.library.path'] = '/Users/gaya/Library/Java/Extensions:/Library/Java/Extensions:/Network/Library/Java/Extensions:/System/Library/Java/Extensions:/usr/lib/java:.';
    
        cur['java.runtime.name'] = 'Java(TM) SE Runtime Environment';
    
        cur['java.runtime.version'] = '1.8.0_131-b11';
    
        cur['java.specification.name'] = 'Java Platform API Specification';
    
        cur['java.specification.vendor'] = 'Oracle Corporation';
    
        cur['java.specification.version'] = '1.8';
    
        cur['java.vendor'] = 'Oracle Corporation';
    
        cur['java.vendor.url'] = 'http://java.oracle.com/';
    
        cur['java.vendor.url.bug'] = 'http://bugreport.sun.com/bugreport/';
    
        cur['java.version'] = '1.8.0_131';
    
        cur['java.vm.info'] = 'mixed mode';
    
        cur['java.vm.name'] = 'Java HotSpot(TM) 64-Bit Server VM';
    
        cur['java.vm.specification.name'] = 'Java Virtual Machine Specification';
    
        cur['java.vm.specification.vendor'] = 'Oracle Corporation';
    
        cur['java.vm.specification.version'] = '1.8';
    
        cur['java.vm.vendor'] = 'Oracle Corporation';
    
        cur['java.vm.version'] = '25.131-b11';
    
        cur['junit.output.dir'] = 'junit';
    
        cur['line.separator'] = '\n';
    
        cur['os.arch'] = 'x86_64';
    
        cur['os.name'] = 'Mac OS X';
    
        cur['os.version'] = '10.12.6';
    
        cur['path.separator'] = ':';
    
        cur['socksNonProxyHosts'] = 'local„ÄÅ169.254/16|*.local„ÄÅ169.254/16';
    
        cur['source'] = '1.8';
    
        cur['sun.arch.data.model'] = '64';
    
        cur['sun.boot.class.path'] = '/Library/Java/JavaVirtualMachines/jdk1.8.0_131.jdk/Contents/Home/jre/lib/resources.jar:/Library/Java/JavaVirtualMachines/jdk1.8.0_131.jdk/Contents/Home/jre/lib/rt.jar:/Library/Java/JavaVirtualMachines/jdk1.8.0_131.jdk/Contents/Home/jre/lib/sunrsasign.jar:/Library/Java/JavaVirtualMachines/jdk1.8.0_131.jdk/Contents/Home/jre/lib/jsse.jar:/Library/Java/JavaVirtualMachines/jdk1.8.0_131.jdk/Contents/Home/jre/lib/jce.jar:/Library/Java/JavaVirtualMachines/jdk1.8.0_131.jdk/Contents/Home/jre/lib/charsets.jar:/Library/Java/JavaVirtualMachines/jdk1.8.0_131.jdk/Contents/Home/jre/lib/jfr.jar:/Library/Java/JavaVirtualMachines/jdk1.8.0_131.jdk/Contents/Home/jre/classes';
    
        cur['sun.boot.library.path'] = '/Library/Java/JavaVirtualMachines/jdk1.8.0_131.jdk/Contents/Home/jre/lib';
    
        cur['sun.cpu.endian'] = 'little';
    
        cur['sun.cpu.isalist'] = '';
    
        cur['sun.io.unicode.encoding'] = 'UnicodeBig';
    
        cur['sun.java.command'] = 'org.apache.tools.ant.taskdefs.optional.junit.JUnitTestRunner ecshop.ecshopJunit skipNonTests=false filtertrace=true haltOnError=false haltOnFailure=false formatter=org.apache.tools.ant.taskdefs.optional.junit.OutErrSummaryJUnitResultFormatter showoutput=false outputtoformatters=true logfailedtests=true threadid=0 logtestlistenerevents=false formatter=org.apache.tools.ant.taskdefs.optional.junit.XMLJUnitResultFormatter,/Users/gaya/git/selenium/junit/TEST-ecshop.ecshopJunit.xml crashfile=/Users/gaya/git/selenium/junitvmwatcher4800861175363037801.properties propsfile=/Users/gaya/git/selenium/junit1070010467614257239.properties';
    
        cur['sun.java.launcher'] = 'SUN_STANDARD';
    
        cur['sun.jnu.encoding'] = 'UTF-8';
    
        cur['sun.management.compiler'] = 'HotSpot 64-Bit Tiered Compilers';
    
        cur['sun.os.patch.level'] = 'unknown';
    
        cur['target'] = '1.8';
    
        cur['user.country'] = 'CN';
    
        cur['user.dir'] = '/Users/gaya/git/selenium';
    
        cur['user.home'] = '/Users/gaya';
    
        cur['user.language'] = 'zh';
    
        cur['user.name'] = 'gaya';
    
        cur['user.timezone'] = '';
    </script><script type="text/javascript" language="JavaScript">
        function displayProperties (name) {
          var win = window.open('','JUnitSystemProperties','scrollbars=1,resizable=1');
          var doc = win.document;
          doc.open();
          doc.write("<html><head><title>Properties of " + name + "</title>");
          doc.write("<style type=\"text/css\">");
          doc.write("body {font:normal 68% verdana,arial,helvetica; color:#000000; }");
          doc.write("table tr td, table tr th { font-size: 68%; }");
          doc.write("table.properties { border-collapse:collapse; border-left:solid 1 #cccccc; border-top:solid 1 #cccccc; padding:5px; }");
          doc.write("table.properties th { text-align:left; border-right:solid 1 #cccccc; border-bottom:solid 1 #cccccc; background-color:#eeeeee; }");
          doc.write("table.properties td { font:normal; text-align:left; border-right:solid 1 #cccccc; border-bottom:solid 1 #cccccc; background-color:#fffffff; }");
          doc.write("h3 { margin-bottom: 0.5em; font: bold 115% verdana,arial,helvetica }");
          doc.write("</style>");
          doc.write("</head><body>");
          doc.write("<h3>Properties of " + name + "</h3>");
          doc.write("<div align=\"right\"><a href=\"javascript:window.close();\">Close</a></div>");
          doc.write("<table class='properties'>");
          doc.write("<tr><th>Name</th><th>Value</th></tr>");
          for (prop in TestCases[name]) {
            doc.write("<tr><th>" + prop + "</th><td>" + TestCases[name][prop] + "</td></tr>");
          }
          doc.write("</table>");
          doc.write("</body></html>");
          doc.close();
          win.focus();
        }
      
      </script>
</head>
<body>
<h1>Unit Test Results.</h1>
<table width="100%">
<tr>
<td align="left"></td><td align="right">Designed for use with <a href="http://www.junit.org/">JUnit</a> and <a href="http://ant.apache.org/">Ant</a>.</td>
</tr>
</table>
<hr size="1">
<h3>Class ecshop.ecshopJunit</h3>
<table class="details" border="0" cellpadding="5" cellspacing="2" width="95%">
<tr valign="top">
<th width="80%">Name</th><th>Tests</th><th>Errors</th><th>Failures</th><th>Skipped</th><th nowrap>Time(s)</th><th nowrap>Time Stamp</th><th>Host</th>
</tr>
<tr valign="top" class="Error">
<td><a title="Display all tests" href="0_ecshopJunit.html">ecshopJunit</a></td><td><a title="Display all tests" href="0_ecshopJunit.html">4</a></td><td><a title="Display only errors" href="0_ecshopJunit-errors.html">2</a></td><td>0</td><td>0</td><td>37.246</td><td>2017-09-11T11:23:58</td><td>gayatekiMacBook-Air.local</td>
</tr>
</table>
<h2>Tests</h2>
<table class="details" border="0" cellpadding="5" cellspacing="2" width="95%">
<tr valign="top">
<th>Name</th><th>Status</th><th width="80%">Type</th><th nowrap>Time(s)</th>
</tr>
<tr valign="top" class="TableRowColor">
<td><a name="login"></a>login</td><td>Success</td><td></td><td>1.125</td>
</tr>
<tr valign="top" class="TableRowColor">
<td><a name="serch"></a>serch</td><td>Success</td><td></td><td>2.982</td>
</tr>
<tr valign="top" class="Error">
<td><a name="delivery"></a>delivery</td><td>Error</td><td>unknown error: unhandled inspector error: {"code":-32000,"message":"Cannot find context with specified id"}
  (Session info: chrome=60.0.3112.113)
  (Driver info: chromedriver=2.30.477690 (c53f4ad87510ee97b5c3425a14c0e79780cdf262),platform=Mac OS X 10.12.6 x86_64) (WARNING: The server did not provide any stacktrace information)
Command duration or timeout: 0 milliseconds
Build info: version: 'unknown', revision: 'unknown', time: 'unknown'
System info: host: 'gayatekiMacBook-Air.local', ip: 'fe80:0:0:0:1c58:32e3:2bf8:be41%en0', os.name: 'Mac OS X', os.arch: 'x86_64', os.version: '10.12.6', java.version: '1.8.0_131'
Driver info: org.openqa.selenium.chrome.ChromeDriver
Capabilities [{applicationCacheEnabled=false, rotatable=false, mobileEmulationEnabled=false, networkConnectionEnabled=false, chrome={chromedriverVersion=2.30.477690 (c53f4ad87510ee97b5c3425a14c0e79780cdf262), userDataDir=/var/folders/g7/2dxdpw113910gp0svljgwr6h0000gn/T/.org.chromium.Chromium.UhFOoK}, takesHeapSnapshot=true, pageLoadStrategy=normal, unhandledPromptBehavior=, databaseEnabled=false, handlesAlerts=true, hasTouchScreen=false, version=60.0.3112.113, platform=MAC, browserConnectionEnabled=false, nativeEvents=true, acceptSslCerts=true, locationContextEnabled=true, webStorageEnabled=true, browserName=chrome, takesScreenshot=true, javascriptEnabled=true, cssSelectorsEnabled=true, unexpectedAlertBehaviour=}]
Session ID: 281d6e3fbc060f4965344753106c8e29
*** Element info: {Using=name, value=to_delivery}<br>
<br>
<code>org.openqa.selenium.WebDriverException: unknown error: unhandled inspector error: {"code":-32000,"message":"Cannot find context with specified id"}<br>  (Session info: chrome=60.0.3112.113)<br>  (Driver info: chromedriver=2.30.477690 (c53f4ad87510ee97b5c3425a14c0e79780cdf262),platform=Mac OS X 10.12.6 x86_64) (WARNING: The server did not provide any stacktrace information)<br>Command duration or timeout: 0 milliseconds<br>Build info: version: 'unknown', revision: 'unknown', time: 'unknown'<br>System info: host: 'gayatekiMacBook-Air.local', ip: 'fe80:0:0:0:1c58:32e3:2bf8:be41%en0', os.name: 'Mac OS X', os.arch: 'x86_64', os.version: '10.12.6', java.version: '1.8.0_131'<br>Driver info: org.openqa.selenium.chrome.ChromeDriver<br>Capabilities [{applicationCacheEnabled=false, rotatable=false, mobileEmulationEnabled=false, networkConnectionEnabled=false, chrome={chromedriverVersion=2.30.477690 (c53f4ad87510ee97b5c3425a14c0e79780cdf262), userDataDir=/var/folders/g7/2dxdpw113910gp0svljgwr6h0000gn/T/.org.chromium.Chromium.UhFOoK}, takesHeapSnapshot=true, pageLoadStrategy=normal, unhandledPromptBehavior=, databaseEnabled=false, handlesAlerts=true, hasTouchScreen=false, version=60.0.3112.113, platform=MAC, browserConnectionEnabled=false, nativeEvents=true, acceptSslCerts=true, locationContextEnabled=true, webStorageEnabled=true, browserName=chrome, takesScreenshot=true, javascriptEnabled=true, cssSelectorsEnabled=true, unexpectedAlertBehaviour=}]<br>Session ID: 281d6e3fbc060f4965344753106c8e29<br>*** Element info: {Using=name, value=to_delivery}<br>	at java.lang.reflect.Constructor.newInstance(Constructor.java:423)<br>	at org.openqa.selenium.remote.ErrorHandler.createThrowable(ErrorHandler.java:215)<br>	at org.openqa.selenium.remote.ErrorHandler.throwIfResponseFailed(ErrorHandler.java:167)<br>	at org.openqa.selenium.remote.http.JsonHttpResponseCodec.reconstructValue(JsonHttpResponseCodec.java:40)<br>	at org.openqa.selenium.remote.http.AbstractHttpResponseCodec.decode(AbstractHttpResponseCodec.java:82)<br>	at org.openqa.selenium.remote.http.AbstractHttpResponseCodec.decode(AbstractHttpResponseCodec.java:45)<br>	at org.openqa.selenium.remote.HttpCommandExecutor.execute(HttpCommandExecutor.java:164)<br>	at org.openqa.selenium.remote.service.DriverCommandExecutor.execute(DriverCommandExecutor.java:82)<br>	at org.openqa.selenium.remote.RemoteWebDriver.execute(RemoteWebDriver.java:641)<br>	at org.openqa.selenium.remote.RemoteWebDriver.findElement(RemoteWebDriver.java:414)<br>	at org.openqa.selenium.remote.RemoteWebDriver.findElementByName(RemoteWebDriver.java:489)<br>	at org.openqa.selenium.By$ByName.findElement(By.java:303)<br>	at org.openqa.selenium.remote.RemoteWebDriver.findElement(RemoteWebDriver.java:406)<br>	at ecshop.ecshopJunit.delivery(ecshopJunit.java:64)<br>
</code></td><td>5.643</td>
</tr>
<tr valign="top" class="Error">
<td><a name="confirmgoods"></a>confirmgoods</td><td>Error</td><td>no such element: Unable to locate element: {"method":"link text","selector":"确认收货"}
  (Session info: chrome=60.0.3112.113)
  (Driver info: chromedriver=2.30.477690 (c53f4ad87510ee97b5c3425a14c0e79780cdf262),platform=Mac OS X 10.12.6 x86_64) (WARNING: The server did not provide any stacktrace information)
Command duration or timeout: 0 milliseconds
For documentation on this error, please visit: http://seleniumhq.org/exceptions/no_such_element.html
Build info: version: 'unknown', revision: 'unknown', time: 'unknown'
System info: host: 'gayatekiMacBook-Air.local', ip: 'fe80:0:0:0:1c58:32e3:2bf8:be41%en0', os.name: 'Mac OS X', os.arch: 'x86_64', os.version: '10.12.6', java.version: '1.8.0_131'
Driver info: org.openqa.selenium.chrome.ChromeDriver
Capabilities [{applicationCacheEnabled=false, rotatable=false, mobileEmulationEnabled=false, networkConnectionEnabled=false, chrome={chromedriverVersion=2.30.477690 (c53f4ad87510ee97b5c3425a14c0e79780cdf262), userDataDir=/var/folders/g7/2dxdpw113910gp0svljgwr6h0000gn/T/.org.chromium.Chromium.UhFOoK}, takesHeapSnapshot=true, pageLoadStrategy=normal, unhandledPromptBehavior=, databaseEnabled=false, handlesAlerts=true, hasTouchScreen=false, version=60.0.3112.113, platform=MAC, browserConnectionEnabled=false, nativeEvents=true, acceptSslCerts=true, locationContextEnabled=true, webStorageEnabled=true, browserName=chrome, takesScreenshot=true, javascriptEnabled=true, cssSelectorsEnabled=true, unexpectedAlertBehaviour=}]
Session ID: 281d6e3fbc060f4965344753106c8e29
*** Element info: {Using=link text, value=确认收货}<br>
<br>
<code>org.openqa.selenium.NoSuchElementException: no such element: Unable to locate element: {"method":"link text","selector":"确认收货"}<br>  (Session info: chrome=60.0.3112.113)<br>  (Driver info: chromedriver=2.30.477690 (c53f4ad87510ee97b5c3425a14c0e79780cdf262),platform=Mac OS X 10.12.6 x86_64) (WARNING: The server did not provide any stacktrace information)<br>Command duration or timeout: 0 milliseconds<br>For documentation on this error, please visit: http://seleniumhq.org/exceptions/no_such_element.html<br>Build info: version: 'unknown', revision: 'unknown', time: 'unknown'<br>System info: host: 'gayatekiMacBook-Air.local', ip: 'fe80:0:0:0:1c58:32e3:2bf8:be41%en0', os.name: 'Mac OS X', os.arch: 'x86_64', os.version: '10.12.6', java.version: '1.8.0_131'<br>Driver info: org.openqa.selenium.chrome.ChromeDriver<br>Capabilities [{applicationCacheEnabled=false, rotatable=false, mobileEmulationEnabled=false, networkConnectionEnabled=false, chrome={chromedriverVersion=2.30.477690 (c53f4ad87510ee97b5c3425a14c0e79780cdf262), userDataDir=/var/folders/g7/2dxdpw113910gp0svljgwr6h0000gn/T/.org.chromium.Chromium.UhFOoK}, takesHeapSnapshot=true, pageLoadStrategy=normal, unhandledPromptBehavior=, databaseEnabled=false, handlesAlerts=true, hasTouchScreen=false, version=60.0.3112.113, platform=MAC, browserConnectionEnabled=false, nativeEvents=true, acceptSslCerts=true, locationContextEnabled=true, webStorageEnabled=true, browserName=chrome, takesScreenshot=true, javascriptEnabled=true, cssSelectorsEnabled=true, unexpectedAlertBehaviour=}]<br>Session ID: 281d6e3fbc060f4965344753106c8e29<br>*** Element info: {Using=link text, value=确认收货}<br>	at java.lang.reflect.Constructor.newInstance(Constructor.java:423)<br>	at org.openqa.selenium.remote.ErrorHandler.createThrowable(ErrorHandler.java:215)<br>	at org.openqa.selenium.remote.ErrorHandler.throwIfResponseFailed(ErrorHandler.java:167)<br>	at org.openqa.selenium.remote.http.JsonHttpResponseCodec.reconstructValue(JsonHttpResponseCodec.java:40)<br>	at org.openqa.selenium.remote.http.AbstractHttpResponseCodec.decode(AbstractHttpResponseCodec.java:82)<br>	at org.openqa.selenium.remote.http.AbstractHttpResponseCodec.decode(AbstractHttpResponseCodec.java:45)<br>	at org.openqa.selenium.remote.HttpCommandExecutor.execute(HttpCommandExecutor.java:164)<br>	at org.openqa.selenium.remote.service.DriverCommandExecutor.execute(DriverCommandExecutor.java:82)<br>	at org.openqa.selenium.remote.RemoteWebDriver.execute(RemoteWebDriver.java:641)<br>	at org.openqa.selenium.remote.RemoteWebDriver.findElement(RemoteWebDriver.java:414)<br>	at org.openqa.selenium.remote.RemoteWebDriver.findElementByLinkText(RemoteWebDriver.java:465)<br>	at org.openqa.selenium.By$ByLinkText.findElement(By.java:246)<br>	at org.openqa.selenium.remote.RemoteWebDriver.findElement(RemoteWebDriver.java:406)<br>	at ecshop.ecshopJunit.confirmgoods(ecshopJunit.java:76)<br>
</code></td><td>21.194</td>
</tr>
</table>
<div class="Properties">
<a href="javascript:displayProperties('ecshop.ecshopJunit');">
                    Properties &raquo;
                </a>
</div>
<div class="Properties">
<a href="./0_ecshopJunit-err.html">
                        System.err &raquo;
                    </a>
</div>
</body>
</html>
